[debug] [2023-04-05T12:58:41.833Z] ----------------------------------------------------------------------
[debug] [2023-04-05T12:58:41.838Z] Command:       C:\Program Files\nodejs\node.exe C:\Users\mrohc\AppData\Roaming\npm\node_modules\firebase-tools\lib\bin\firebase.js init
[debug] [2023-04-05T12:58:41.839Z] CLI Version:   11.25.2
[debug] [2023-04-05T12:58:41.839Z] Platform:      win32
[debug] [2023-04-05T12:58:41.840Z] Node Version:  v18.14.0
[debug] [2023-04-05T12:58:41.842Z] Time:          Wed Apr 05 2023 12:58:41 GMT+0000 (heure moyenne de Greenwich)
[debug] [2023-04-05T12:58:41.842Z] ----------------------------------------------------------------------
[debug] 
[debug] [2023-04-05T12:58:41.861Z] > command requires scopes: ["email","openid","https://www.googleapis.com/auth/cloudplatformprojects.readonly","https://www.googleapis.com/auth/firebase","https://www.googleapis.com/auth/cloud-platform"]
[debug] [2023-04-05T12:58:41.862Z] > authorizing via signed-in user (hoga.infos@gmail.com)
[info] 
     ######## #### ########  ######## ########     ###     ######  ########
     ##        ##  ##     ## ##       ##     ##  ##   ##  ##       ##
     ######    ##  ########  ######   ########  #########  ######  ######
     ##        ##  ##    ##  ##       ##     ## ##     ##       ## ##
     ##       #### ##     ## ######## ########  ##     ##  ######  ########

You're about to initialize a Firebase project in this directory:

  C:\xampp\htdocs\resto

Before we get started, keep in mind:

  * You are currently outside your home directory

[info] 
=== Project Setup
[info] 
[info] First, let's associate this project directory with a Firebase project.
[info] You can create multiple project aliases by running firebase use --add, 
[info] but for now we'll just set up a default project.
[info] 
[debug] [2023-04-05T12:59:24.862Z] >>> [apiv2][query] GET https://firebase.googleapis.com/v1beta1/projects pageSize=100
[debug] [2023-04-05T12:59:25.648Z] <<< [apiv2][status] GET https://firebase.googleapis.com/v1beta1/projects 200
[debug] [2023-04-05T12:59:25.648Z] <<< [apiv2][body] GET https://firebase.googleapis.com/v1beta1/projects [omitted]
[info] i  Using project restoapp-3885e (restoapp) 
[info] 
=== Database Setup
[info] i  database: ensuring required API firebasedatabase.googleapis.com is enabled... 
[debug] [2023-04-05T12:59:31.571Z] >>> [apiv2][query] GET https://serviceusage.googleapis.com/v1/projects/restoapp-3885e/services/firebasedatabase.googleapis.com [none]
[debug] [2023-04-05T12:59:31.572Z] >>> [apiv2][(partial)header] GET https://serviceusage.googleapis.com/v1/projects/restoapp-3885e/services/firebasedatabase.googleapis.com x-goog-quota-user=projects/restoapp-3885e
[debug] [2023-04-05T12:59:32.700Z] <<< [apiv2][status] GET https://serviceusage.googleapis.com/v1/projects/restoapp-3885e/services/firebasedatabase.googleapis.com 200
[debug] [2023-04-05T12:59:32.702Z] <<< [apiv2][body] GET https://serviceusage.googleapis.com/v1/projects/restoapp-3885e/services/firebasedatabase.googleapis.com [omitted]
[warn] !  database: missing required API firebasedatabase.googleapis.com. Enabling now... 
[debug] [2023-04-05T12:59:32.703Z] >>> [apiv2][query] POST https://serviceusage.googleapis.com/v1/projects/restoapp-3885e/services/firebasedatabase.googleapis.com:enable [none]
[debug] [2023-04-05T12:59:32.704Z] >>> [apiv2][(partial)header] POST https://serviceusage.googleapis.com/v1/projects/restoapp-3885e/services/firebasedatabase.googleapis.com:enable x-goog-quota-user=projects/restoapp-3885e
[debug] [2023-04-05T12:59:34.304Z] <<< [apiv2][status] POST https://serviceusage.googleapis.com/v1/projects/restoapp-3885e/services/firebasedatabase.googleapis.com:enable 200
[debug] [2023-04-05T12:59:34.304Z] <<< [apiv2][body] POST https://serviceusage.googleapis.com/v1/projects/restoapp-3885e/services/firebasedatabase.googleapis.com:enable [omitted]
[debug] [2023-04-05T12:59:44.306Z] >>> [apiv2][query] GET https://serviceusage.googleapis.com/v1/projects/restoapp-3885e/services/firebasedatabase.googleapis.com [none]
[debug] [2023-04-05T12:59:44.306Z] >>> [apiv2][(partial)header] GET https://serviceusage.googleapis.com/v1/projects/restoapp-3885e/services/firebasedatabase.googleapis.com x-goog-quota-user=projects/restoapp-3885e
[debug] [2023-04-05T12:59:45.351Z] <<< [apiv2][status] GET https://serviceusage.googleapis.com/v1/projects/restoapp-3885e/services/firebasedatabase.googleapis.com 200
[debug] [2023-04-05T12:59:45.351Z] <<< [apiv2][body] GET https://serviceusage.googleapis.com/v1/projects/restoapp-3885e/services/firebasedatabase.googleapis.com [omitted]
[info] +  database: required API firebasedatabase.googleapis.com is enabled 
[info] 
[debug] [2023-04-05T12:59:45.359Z] >>> [apiv2][query] GET https://firebase.googleapis.com/v1beta1/projects/restoapp-3885e [none]
[debug] [2023-04-05T12:59:45.821Z] <<< [apiv2][status] GET https://firebase.googleapis.com/v1beta1/projects/restoapp-3885e 200
[debug] [2023-04-05T12:59:45.821Z] <<< [apiv2][body] GET https://firebase.googleapis.com/v1beta1/projects/restoapp-3885e {"projectId":"restoapp-3885e","projectNumber":"549162128774","displayName":"restoapp","name":"projects/restoapp-3885e","resources":{"hostingSite":"restoapp-3885e"},"state":"ACTIVE","etag":"1_66cc9981-42fe-49d5-9236-745a507d02a0"}
[debug] [2023-04-05T12:59:50.754Z] >>> [apiv2][query] POST https://firebasedatabase.googleapis.com/v1beta/projects/restoapp-3885e/locations/us-central1/instances databaseId=restoapp-3885e-default-rtdb&validateOnly=true
[debug] [2023-04-05T12:59:50.754Z] >>> [apiv2][body] POST https://firebasedatabase.googleapis.com/v1beta/projects/restoapp-3885e/locations/us-central1/instances {"type":"default_database"}
[debug] [2023-04-05T12:59:51.652Z] <<< [apiv2][status] POST https://firebasedatabase.googleapis.com/v1beta/projects/restoapp-3885e/locations/us-central1/instances 200
[debug] [2023-04-05T12:59:51.652Z] <<< [apiv2][body] POST https://firebasedatabase.googleapis.com/v1beta/projects/restoapp-3885e/locations/us-central1/instances {"name":"projects/549162128774/locations/us-central1/instances/restoapp-3885e-default-rtdb","project":"projects/549162128774","databaseUrl":"https://restoapp-3885e-default-rtdb.firebaseio.com","type":"DEFAULT_DATABASE","state":"ACTIVE"}
[debug] [2023-04-05T12:59:51.655Z] >>> [apiv2][query] POST https://firebasedatabase.googleapis.com/v1beta/projects/restoapp-3885e/locations/us-central1/instances databaseId=restoapp-3885e-default-rtdb
[debug] [2023-04-05T12:59:51.655Z] >>> [apiv2][body] POST https://firebasedatabase.googleapis.com/v1beta/projects/restoapp-3885e/locations/us-central1/instances {"type":"default_database"}
[debug] [2023-04-05T12:59:52.473Z] <<< [apiv2][status] POST https://firebasedatabase.googleapis.com/v1beta/projects/restoapp-3885e/locations/us-central1/instances 200
[debug] [2023-04-05T12:59:52.474Z] <<< [apiv2][body] POST https://firebasedatabase.googleapis.com/v1beta/projects/restoapp-3885e/locations/us-central1/instances {"name":"projects/549162128774/locations/us-central1/instances/restoapp-3885e-default-rtdb","project":"projects/549162128774","databaseUrl":"https://restoapp-3885e-default-rtdb.firebaseio.com","type":"DEFAULT_DATABASE","state":"ACTIVE"}
[info] 
[info] Firebase Realtime Database Security Rules allow you to define how your data should be
[info] structured and when your data can be read from and written to.
[info] 
[debug] [2023-04-05T13:00:09.508Z] >>> [apiv2][query] GET https://restoapp-3885e-default-rtdb.firebaseio.com/.settings/rules.json [none]
[debug] [2023-04-05T13:00:10.575Z] <<< [apiv2][status] GET https://restoapp-3885e-default-rtdb.firebaseio.com/.settings/rules.json 200
[debug] [2023-04-05T13:00:10.575Z] <<< [apiv2][body] GET https://restoapp-3885e-default-rtdb.firebaseio.com/.settings/rules.json [stream]
[info] +  Database Rules for restoapp-3885e-default-rtdb have been written to database.rules.json. 
[info] Future modifications to database.rules.json will update Realtime Database Security Rules when you run
[info] firebase deploy.
[info] 
=== Functions Setup
[debug] [2023-04-05T13:00:10.581Z] > command requires scopes: ["email","openid","https://www.googleapis.com/auth/cloudplatformprojects.readonly","https://www.googleapis.com/auth/firebase","https://www.googleapis.com/auth/cloud-platform"]
[debug] [2023-04-05T13:00:10.581Z] > authorizing via signed-in user (hoga.infos@gmail.com)
[debug] [2023-04-05T13:00:10.581Z] [iam] checking project restoapp-3885e for permissions ["firebase.projects.get"]
[debug] [2023-04-05T13:00:10.582Z] >>> [apiv2][query] POST https://cloudresourcemanager.googleapis.com/v1/projects/restoapp-3885e:testIamPermissions [none]
[debug] [2023-04-05T13:00:10.582Z] >>> [apiv2][(partial)header] POST https://cloudresourcemanager.googleapis.com/v1/projects/restoapp-3885e:testIamPermissions x-goog-quota-user=projects/restoapp-3885e
[debug] [2023-04-05T13:00:10.583Z] >>> [apiv2][body] POST https://cloudresourcemanager.googleapis.com/v1/projects/restoapp-3885e:testIamPermissions {"permissions":["firebase.projects.get"]}
[debug] [2023-04-05T13:00:11.545Z] <<< [apiv2][status] POST https://cloudresourcemanager.googleapis.com/v1/projects/restoapp-3885e:testIamPermissions 200
[debug] [2023-04-05T13:00:11.545Z] <<< [apiv2][body] POST https://cloudresourcemanager.googleapis.com/v1/projects/restoapp-3885e:testIamPermissions {"permissions":["firebase.projects.get"]}
[debug] [2023-04-05T13:00:11.546Z] >>> [apiv2][query] GET https://serviceusage.googleapis.com/v1/projects/restoapp-3885e/services/cloudfunctions.googleapis.com [none]
[debug] [2023-04-05T13:00:11.546Z] >>> [apiv2][(partial)header] GET https://serviceusage.googleapis.com/v1/projects/restoapp-3885e/services/cloudfunctions.googleapis.com x-goog-quota-user=projects/restoapp-3885e
[debug] [2023-04-05T13:00:11.552Z] >>> [apiv2][query] GET https://serviceusage.googleapis.com/v1/projects/restoapp-3885e/services/runtimeconfig.googleapis.com [none]
[debug] [2023-04-05T13:00:11.552Z] >>> [apiv2][(partial)header] GET https://serviceusage.googleapis.com/v1/projects/restoapp-3885e/services/runtimeconfig.googleapis.com x-goog-quota-user=projects/restoapp-3885e
[debug] [2023-04-05T13:00:12.595Z] <<< [apiv2][status] GET https://serviceusage.googleapis.com/v1/projects/restoapp-3885e/services/runtimeconfig.googleapis.com 200
[debug] [2023-04-05T13:00:12.595Z] <<< [apiv2][body] GET https://serviceusage.googleapis.com/v1/projects/restoapp-3885e/services/runtimeconfig.googleapis.com [omitted]
[debug] [2023-04-05T13:00:12.641Z] <<< [apiv2][status] GET https://serviceusage.googleapis.com/v1/projects/restoapp-3885e/services/cloudfunctions.googleapis.com 200
[debug] [2023-04-05T13:00:12.641Z] <<< [apiv2][body] GET https://serviceusage.googleapis.com/v1/projects/restoapp-3885e/services/cloudfunctions.googleapis.com [omitted]
[debug] [2023-04-05T13:00:12.642Z] >>> [apiv2][query] POST https://serviceusage.googleapis.com/v1/projects/restoapp-3885e/services/cloudfunctions.googleapis.com:enable [none]
[debug] [2023-04-05T13:00:12.642Z] >>> [apiv2][(partial)header] POST https://serviceusage.googleapis.com/v1/projects/restoapp-3885e/services/cloudfunctions.googleapis.com:enable x-goog-quota-user=projects/restoapp-3885e
[debug] [2023-04-05T13:00:14.281Z] <<< [apiv2][status] POST https://serviceusage.googleapis.com/v1/projects/restoapp-3885e/services/cloudfunctions.googleapis.com:enable 200
[debug] [2023-04-05T13:00:14.281Z] <<< [apiv2][body] POST https://serviceusage.googleapis.com/v1/projects/restoapp-3885e/services/cloudfunctions.googleapis.com:enable [omitted]
[debug] [2023-04-05T13:00:24.282Z] >>> [apiv2][query] GET https://serviceusage.googleapis.com/v1/projects/restoapp-3885e/services/cloudfunctions.googleapis.com [none]
[debug] [2023-04-05T13:00:24.282Z] >>> [apiv2][(partial)header] GET https://serviceusage.googleapis.com/v1/projects/restoapp-3885e/services/cloudfunctions.googleapis.com x-goog-quota-user=projects/restoapp-3885e
[debug] [2023-04-05T13:00:25.325Z] <<< [apiv2][status] GET https://serviceusage.googleapis.com/v1/projects/restoapp-3885e/services/cloudfunctions.googleapis.com 200
[debug] [2023-04-05T13:00:25.325Z] <<< [apiv2][body] GET https://serviceusage.googleapis.com/v1/projects/restoapp-3885e/services/cloudfunctions.googleapis.com [omitted]
[info] Let's create a new codebase for your functions.
[info] A directory corresponding to the codebase will be created in your project
[info] with sample code pre-configured.

[info] See https://firebase.google.com/docs/functions/organize-functions for
[info] more information on organizing your functions using codebases.

[info] Functions can be deployed with firebase deploy.

[info] +  Wrote functions/package.json 
[info] +  Wrote functions/.eslintrc.js 
[info] +  Wrote functions/index.js 
[info] +  Wrote functions/.gitignore 
[info] 
=== Hosting Setup
[info] 
[info] Your public directory is the folder (relative to your project directory) that
[info] will contain Hosting assets to be uploaded with firebase deploy. If you
[info] have a build process for your assets, use your build's output directory.
[info] 
[debug] [2023-04-05T13:01:58.276Z] >>> [apiv2][query] GET https://www.gstatic.com/firebasejs/releases.json [none]
[debug] [2023-04-05T13:01:58.589Z] <<< [apiv2][status] GET https://www.gstatic.com/firebasejs/releases.json 200
[debug] [2023-04-05T13:01:58.590Z] <<< [apiv2][body] GET https://www.gstatic.com/firebasejs/releases.json {"current":{"version":"9.19.1","browserURL":"https://www.gstatic.com/firebasejs/9.19.1/firebase.js","packageURL":"https://www.gstatic.com/firebasejs/9.19.1/firebase.tgz"},"live":{"version":"9.19","browserURL":"https://www.gstatic.com/firebasejs/live/9.19/firebase.js","packageURL":"https://www.gstatic.com/firebasejs/live/9.19/firebase.tgz"},"components":{"analytics":"https://www.gstatic.com/firebasejs/9.19.1/firebase-analytics.js","app":"https://www.gstatic.com/firebasejs/9.19.1/firebase-app.js","app-check":"https://www.gstatic.com/firebasejs/9.19.1/firebase-app-check.js","auth":"https://www.gstatic.com/firebasejs/9.19.1/firebase-auth.js","auth/cordova":"https://www.gstatic.com/firebasejs/9.19.1/firebase-auth/cordova.js","auth/react-native":"https://www.gstatic.com/firebasejs/9.19.1/firebase-auth/react-native.js","functions":"https://www.gstatic.com/firebasejs/9.19.1/firebase-functions.js","firestore":"https://www.gstatic.com/firebasejs/9.19.1/firebase-firestore.js","firestore/lite":"https://www.gstatic.com/firebasejs/9.19.1/firebase-firestore/lite.js","installations":"https://www.gstatic.com/firebasejs/9.19.1/firebase-installations.js","storage":"https://www.gstatic.com/firebasejs/9.19.1/firebase-storage.js","performance":"https://www.gstatic.com/firebasejs/9.19.1/firebase-performance.js","remote-config":"https://www.gstatic.com/firebasejs/9.19.1/firebase-remote-config.js","messaging":"https://www.gstatic.com/firebasejs/9.19.1/firebase-messaging.js","messaging/sw":"https://www.gstatic.com/firebasejs/9.19.1/firebase-messaging/sw.js","database":"https://www.gstatic.com/firebasejs/9.19.1/firebase-database.js","firestore.memory":"https://www.gstatic.com/firebasejs/9.19.1/firebase-firestore.memory.js"}}
[info] +  Wrote public/index.html 
[info] 
[info] i  Didn't detect a .git folder. Assuming C:\xampp\htdocs\resto is the project root. 
[info] i  Authorizing with GitHub to upload your service account to a GitHub repository's secrets store. 
[info] 
[info] Visit this URL on this device to log in:
[info] https://github.com/login/oauth/authorize?client_id=89cf50f02ac6aaed3484&state=168801207&redirect_uri=http%3A%2F%2Flocalhost%3A9005&scope=read%3Auser%20repo%20public_repo
[info] 
[info] Waiting for authentication...
[debug] [2023-04-05T13:02:04.194Z] >>> [apiv2][query] POST https://github.com/login/oauth/access_token [none]
[debug] [2023-04-05T13:02:04.195Z] >>> [apiv2][body] POST https://github.com/login/oauth/access_token [stream]
[debug] [2023-04-05T13:02:04.788Z] <<< [apiv2][status] POST https://github.com/login/oauth/access_token 200
[debug] [2023-04-05T13:02:04.788Z] <<< [apiv2][body] POST https://github.com/login/oauth/access_token {"access_token":"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","token_type":"bearer","scope":"read:user,repo"}
[debug] [2023-04-05T13:02:04.800Z] >>> [apiv2][query] GET https://api.github.com/user [none]
[debug] [2023-04-05T13:02:05.442Z] <<< [apiv2][status] GET https://api.github.com/user 200
[debug] [2023-04-05T13:02:05.442Z] <<< [apiv2][body] GET https://api.github.com/user {"login":"cesareohc","id":76051947,"node_id":"MDQ6VXNlcjc2MDUxOTQ3","avatar_url":"https://avatars.githubusercontent.com/u/76051947?v=4","gravatar_id":"","url":"https://api.github.com/users/cesareohc","html_url":"https://github.com/cesareohc","followers_url":"https://api.github.com/users/cesareohc/followers","following_url":"https://api.github.com/users/cesareohc/following{/other_user}","gists_url":"https://api.github.com/users/cesareohc/gists{/gist_id}","starred_url":"https://api.github.com/users/cesareohc/starred{/owner}{/repo}","subscriptions_url":"https://api.github.com/users/cesareohc/subscriptions","organizations_url":"https://api.github.com/users/cesareohc/orgs","repos_url":"https://api.github.com/users/cesareohc/repos","events_url":"https://api.github.com/users/cesareohc/events{/privacy}","received_events_url":"https://api.github.com/users/cesareohc/received_events","type":"User","site_admin":false,"name":null,"company":null,"blog":"","location":null,"email":null,"hireable":null,"bio":null,"twitter_username":null,"public_repos":2,"public_gists":0,"followers":0,"following":0,"created_at":"2020-12-15T13:29:56Z","updated_at":"2023-03-13T10:09:54Z","private_gists":0,"total_private_repos":9,"owned_private_repos":9,"disk_usage":157460,"collaborators":1,"two_factor_authentication":false,"plan":{"name":"free","space":976562499,"collaborators":0,"private_repos":10000}}
[info] 
[info] +  Success! Logged into GitHub as cesareohc 
[info] 
[debug] [2023-04-05T13:02:09.982Z] >>> [apiv2][query] GET https://api.github.com/repos//actions/secrets/public-key type=owner
[debug] [2023-04-05T13:02:10.558Z] <<< [apiv2][status] GET https://api.github.com/repos//actions/secrets/public-key 404
[debug] [2023-04-05T13:02:10.558Z] <<< [apiv2][body] GET https://api.github.com/repos//actions/secrets/public-key {"message":"Not Found","documentation_url":"https://docs.github.com/rest"}
[debug] [2023-04-05T13:03:50.192Z] >>> [apiv2][query] GET https://api.github.com/repos/ohgroupeciv/actions/secrets/public-key type=owner
[debug] [2023-04-05T13:03:50.781Z] <<< [apiv2][status] GET https://api.github.com/repos/ohgroupeciv/actions/secrets/public-key 404
[debug] [2023-04-05T13:03:50.781Z] <<< [apiv2][body] GET https://api.github.com/repos/ohgroupeciv/actions/secrets/public-key {"message":"Not Found","documentation_url":"https://docs.github.com/rest"}
[debug] [2023-04-05T13:03:57.200Z] >>> [apiv2][query] GET https://api.github.com/repos/ohgroupeciv/actions/secrets/public-key type=owner
[debug] [2023-04-05T13:03:57.664Z] <<< [apiv2][status] GET https://api.github.com/repos/ohgroupeciv/actions/secrets/public-key 404
[debug] [2023-04-05T13:03:57.665Z] <<< [apiv2][body] GET https://api.github.com/repos/ohgroupeciv/actions/secrets/public-key {"message":"Not Found","documentation_url":"https://docs.github.com/rest"}
[debug] [2023-04-05T13:03:59.256Z] >>> [apiv2][query] GET https://api.github.com/repos/ohgroupecivohgroupeciv/actions/secrets/public-key type=owner
[debug] [2023-04-05T13:03:59.714Z] <<< [apiv2][status] GET https://api.github.com/repos/ohgroupecivohgroupeciv/actions/secrets/public-key 404
[debug] [2023-04-05T13:03:59.715Z] <<< [apiv2][body] GET https://api.github.com/repos/ohgroupecivohgroupeciv/actions/secrets/public-key {"message":"Not Found","documentation_url":"https://docs.github.com/rest"}
